Internal Server Error: /
Traceback (most recent call last):
  File "C:\Users\liqui\PycharmProjects\django-trip\venv\lib\site-packages\django\core\handlers\exception.py", line 55, in inner
    response = get_response(request)
  File "C:\Users\liqui\PycharmProjects\django-trip\venv\lib\site-packages\django\core\handlers\base.py", line 197, in _get_response
    response = wrapped_callback(request, *callback_args, **callback_kwargs)
  File "C:\Users\liqui\PycharmProjects\django-trip\travel_agency\trips\views.py", line 32, in home
    ).distinct()[:5].order_by('name')
  File "C:\Users\liqui\PycharmProjects\django-trip\venv\lib\site-packages\django\db\models\query.py", line 1656, in order_by
    raise TypeError("Cannot reorder a query once a slice has been taken.")
TypeError: Cannot reorder a query once a slice has been taken.
"GET / HTTP/1.1" 500 80663
Internal Server Error: /
Traceback (most recent call last):
  File "C:\Users\liqui\PycharmProjects\django-trip\venv\lib\site-packages\django\template\base.py", line 505, in parse
    compile_func = self.tags[command]
KeyError: 'staticfile'

During handling of the above exception, another exception occurred:

Traceback (most recent call last):
  File "C:\Users\liqui\PycharmProjects\django-trip\venv\lib\site-packages\django\core\handlers\exception.py", line 55, in inner
    response = get_response(request)
  File "C:\Users\liqui\PycharmProjects\django-trip\venv\lib\site-packages\django\core\handlers\base.py", line 197, in _get_response
    response = wrapped_callback(request, *callback_args, **callback_kwargs)
  File "C:\Users\liqui\PycharmProjects\django-trip\travel_agency\trips\views.py", line 43, in home
    return render(request, 'trips/home.html', context)
  File "C:\Users\liqui\PycharmProjects\django-trip\venv\lib\site-packages\django\shortcuts.py", line 24, in render
    content = loader.render_to_string(template_name, context, request, using=using)
  File "C:\Users\liqui\PycharmProjects\django-trip\venv\lib\site-packages\django\template\loader.py", line 61, in render_to_string
    template = get_template(template_name, using=using)
  File "C:\Users\liqui\PycharmProjects\django-trip\venv\lib\site-packages\django\template\loader.py", line 15, in get_template
    return engine.get_template(template_name)
  File "C:\Users\liqui\PycharmProjects\django-trip\venv\lib\site-packages\django\template\backends\django.py", line 33, in get_template
    return Template(self.engine.get_template(template_name), self)
  File "C:\Users\liqui\PycharmProjects\django-trip\venv\lib\site-packages\django\template\engine.py", line 175, in get_template
    template, origin = self.find_template(template_name)
  File "C:\Users\liqui\PycharmProjects\django-trip\venv\lib\site-packages\django\template\engine.py", line 157, in find_template
    template = loader.get_template(name, skip=skip)
  File "C:\Users\liqui\PycharmProjects\django-trip\venv\lib\site-packages\django\template\loaders\cached.py", line 57, in get_template
    template = super().get_template(template_name, skip)
  File "C:\Users\liqui\PycharmProjects\django-trip\venv\lib\site-packages\django\template\loaders\base.py", line 28, in get_template
    return Template(
  File "C:\Users\liqui\PycharmProjects\django-trip\venv\lib\site-packages\django\template\base.py", line 154, in __init__
    self.nodelist = self.compile_nodelist()
  File "C:\Users\liqui\PycharmProjects\django-trip\venv\lib\site-packages\django\template\base.py", line 200, in compile_nodelist
    return parser.parse()
  File "C:\Users\liqui\PycharmProjects\django-trip\venv\lib\site-packages\django\template\base.py", line 513, in parse
    raise self.error(token, e)
  File "C:\Users\liqui\PycharmProjects\django-trip\venv\lib\site-packages\django\template\base.py", line 511, in parse
    compiled_result = compile_func(self, token)
  File "C:\Users\liqui\PycharmProjects\django-trip\venv\lib\site-packages\django\template\loader_tags.py", line 293, in do_extends
    nodelist = parser.parse()
  File "C:\Users\liqui\PycharmProjects\django-trip\venv\lib\site-packages\django\template\base.py", line 513, in parse
    raise self.error(token, e)
  File "C:\Users\liqui\PycharmProjects\django-trip\venv\lib\site-packages\django\template\base.py", line 511, in parse
    compiled_result = compile_func(self, token)
  File "C:\Users\liqui\PycharmProjects\django-trip\venv\lib\site-packages\django\template\loader_tags.py", line 232, in do_block
    nodelist = parser.parse(("endblock",))
  File "C:\Users\liqui\PycharmProjects\django-trip\venv\lib\site-packages\django\template\base.py", line 513, in parse
    raise self.error(token, e)
  File "C:\Users\liqui\PycharmProjects\django-trip\venv\lib\site-packages\django\template\base.py", line 511, in parse
    compiled_result = compile_func(self, token)
  File "C:\Users\liqui\PycharmProjects\django-trip\venv\lib\site-packages\django\template\defaulttags.py", line 853, in do_for
    nodelist_loop = parser.parse(
  File "C:\Users\liqui\PycharmProjects\django-trip\venv\lib\site-packages\django\template\base.py", line 513, in parse
    raise self.error(token, e)
  File "C:\Users\liqui\PycharmProjects\django-trip\venv\lib\site-packages\django\template\base.py", line 511, in parse
    compiled_result = compile_func(self, token)
  File "C:\Users\liqui\PycharmProjects\django-trip\venv\lib\site-packages\django\template\defaulttags.py", line 967, in do_if
    nodelist = parser.parse(("endif",))
  File "C:\Users\liqui\PycharmProjects\django-trip\venv\lib\site-packages\django\template\base.py", line 507, in parse
    self.invalid_block_tag(token, command, parse_until)
  File "C:\Users\liqui\PycharmProjects\django-trip\venv\lib\site-packages\django\template\base.py", line 558, in invalid_block_tag
    raise self.error(
django.template.exceptions.TemplateSyntaxError: Invalid block tag on line 36: 'staticfile', expected 'endif'. Did you forget to register or load this tag?
"GET / HTTP/1.1" 500 5530
Internal Server Error: /
Traceback (most recent call last):
  File "C:\Users\liqui\PycharmProjects\django-trip\venv\lib\site-packages\django\template\base.py", line 505, in parse
    compile_func = self.tags[command]
KeyError: 'staticfile'

During handling of the above exception, another exception occurred:

Traceback (most recent call last):
  File "C:\Users\liqui\PycharmProjects\django-trip\venv\lib\site-packages\django\core\handlers\exception.py", line 55, in inner
    response = get_response(request)
  File "C:\Users\liqui\PycharmProjects\django-trip\venv\lib\site-packages\django\core\handlers\base.py", line 197, in _get_response
    response = wrapped_callback(request, *callback_args, **callback_kwargs)
  File "C:\Users\liqui\PycharmProjects\django-trip\travel_agency\trips\views.py", line 43, in home
    return render(request, 'trips/home.html', context)
  File "C:\Users\liqui\PycharmProjects\django-trip\venv\lib\site-packages\django\shortcuts.py", line 24, in render
    content = loader.render_to_string(template_name, context, request, using=using)
  File "C:\Users\liqui\PycharmProjects\django-trip\venv\lib\site-packages\django\template\loader.py", line 61, in render_to_string
    template = get_template(template_name, using=using)
  File "C:\Users\liqui\PycharmProjects\django-trip\venv\lib\site-packages\django\template\loader.py", line 15, in get_template
    return engine.get_template(template_name)
  File "C:\Users\liqui\PycharmProjects\django-trip\venv\lib\site-packages\django\template\backends\django.py", line 33, in get_template
    return Template(self.engine.get_template(template_name), self)
  File "C:\Users\liqui\PycharmProjects\django-trip\venv\lib\site-packages\django\template\engine.py", line 175, in get_template
    template, origin = self.find_template(template_name)
  File "C:\Users\liqui\PycharmProjects\django-trip\venv\lib\site-packages\django\template\engine.py", line 157, in find_template
    template = loader.get_template(name, skip=skip)
  File "C:\Users\liqui\PycharmProjects\django-trip\venv\lib\site-packages\django\template\loaders\cached.py", line 57, in get_template
    template = super().get_template(template_name, skip)
  File "C:\Users\liqui\PycharmProjects\django-trip\venv\lib\site-packages\django\template\loaders\base.py", line 28, in get_template
    return Template(
  File "C:\Users\liqui\PycharmProjects\django-trip\venv\lib\site-packages\django\template\base.py", line 154, in __init__
    self.nodelist = self.compile_nodelist()
  File "C:\Users\liqui\PycharmProjects\django-trip\venv\lib\site-packages\django\template\base.py", line 200, in compile_nodelist
    return parser.parse()
  File "C:\Users\liqui\PycharmProjects\django-trip\venv\lib\site-packages\django\template\base.py", line 513, in parse
    raise self.error(token, e)
  File "C:\Users\liqui\PycharmProjects\django-trip\venv\lib\site-packages\django\template\base.py", line 511, in parse
    compiled_result = compile_func(self, token)
  File "C:\Users\liqui\PycharmProjects\django-trip\venv\lib\site-packages\django\template\loader_tags.py", line 293, in do_extends
    nodelist = parser.parse()
  File "C:\Users\liqui\PycharmProjects\django-trip\venv\lib\site-packages\django\template\base.py", line 513, in parse
    raise self.error(token, e)
  File "C:\Users\liqui\PycharmProjects\django-trip\venv\lib\site-packages\django\template\base.py", line 511, in parse
    compiled_result = compile_func(self, token)
  File "C:\Users\liqui\PycharmProjects\django-trip\venv\lib\site-packages\django\template\loader_tags.py", line 232, in do_block
    nodelist = parser.parse(("endblock",))
  File "C:\Users\liqui\PycharmProjects\django-trip\venv\lib\site-packages\django\template\base.py", line 513, in parse
    raise self.error(token, e)
  File "C:\Users\liqui\PycharmProjects\django-trip\venv\lib\site-packages\django\template\base.py", line 511, in parse
    compiled_result = compile_func(self, token)
  File "C:\Users\liqui\PycharmProjects\django-trip\venv\lib\site-packages\django\template\defaulttags.py", line 853, in do_for
    nodelist_loop = parser.parse(
  File "C:\Users\liqui\PycharmProjects\django-trip\venv\lib\site-packages\django\template\base.py", line 513, in parse
    raise self.error(token, e)
  File "C:\Users\liqui\PycharmProjects\django-trip\venv\lib\site-packages\django\template\base.py", line 511, in parse
    compiled_result = compile_func(self, token)
  File "C:\Users\liqui\PycharmProjects\django-trip\venv\lib\site-packages\django\template\defaulttags.py", line 967, in do_if
    nodelist = parser.parse(("endif",))
  File "C:\Users\liqui\PycharmProjects\django-trip\venv\lib\site-packages\django\template\base.py", line 507, in parse
    self.invalid_block_tag(token, command, parse_until)
  File "C:\Users\liqui\PycharmProjects\django-trip\venv\lib\site-packages\django\template\base.py", line 558, in invalid_block_tag
    raise self.error(
django.template.exceptions.TemplateSyntaxError: Invalid block tag on line 36: 'staticfile', expected 'endif'. Did you forget to register or load this tag?
"GET / HTTP/1.1" 500 5530
Internal Server Error: /
Traceback (most recent call last):
  File "C:\Users\liqui\PycharmProjects\django-trip\venv\lib\site-packages\django\template\base.py", line 505, in parse
    compile_func = self.tags[command]
KeyError: 'staticfile'

During handling of the above exception, another exception occurred:

Traceback (most recent call last):
  File "C:\Users\liqui\PycharmProjects\django-trip\venv\lib\site-packages\django\core\handlers\exception.py", line 55, in inner
    response = get_response(request)
  File "C:\Users\liqui\PycharmProjects\django-trip\venv\lib\site-packages\django\core\handlers\base.py", line 197, in _get_response
    response = wrapped_callback(request, *callback_args, **callback_kwargs)
  File "C:\Users\liqui\PycharmProjects\django-trip\travel_agency\trips\views.py", line 43, in home
    return render(request, 'trips/home.html', context)
  File "C:\Users\liqui\PycharmProjects\django-trip\venv\lib\site-packages\django\shortcuts.py", line 24, in render
    content = loader.render_to_string(template_name, context, request, using=using)
  File "C:\Users\liqui\PycharmProjects\django-trip\venv\lib\site-packages\django\template\loader.py", line 61, in render_to_string
    template = get_template(template_name, using=using)
  File "C:\Users\liqui\PycharmProjects\django-trip\venv\lib\site-packages\django\template\loader.py", line 15, in get_template
    return engine.get_template(template_name)
  File "C:\Users\liqui\PycharmProjects\django-trip\venv\lib\site-packages\django\template\backends\django.py", line 33, in get_template
    return Template(self.engine.get_template(template_name), self)
  File "C:\Users\liqui\PycharmProjects\django-trip\venv\lib\site-packages\django\template\engine.py", line 175, in get_template
    template, origin = self.find_template(template_name)
  File "C:\Users\liqui\PycharmProjects\django-trip\venv\lib\site-packages\django\template\engine.py", line 157, in find_template
    template = loader.get_template(name, skip=skip)
  File "C:\Users\liqui\PycharmProjects\django-trip\venv\lib\site-packages\django\template\loaders\cached.py", line 57, in get_template
    template = super().get_template(template_name, skip)
  File "C:\Users\liqui\PycharmProjects\django-trip\venv\lib\site-packages\django\template\loaders\base.py", line 28, in get_template
    return Template(
  File "C:\Users\liqui\PycharmProjects\django-trip\venv\lib\site-packages\django\template\base.py", line 154, in __init__
    self.nodelist = self.compile_nodelist()
  File "C:\Users\liqui\PycharmProjects\django-trip\venv\lib\site-packages\django\template\base.py", line 200, in compile_nodelist
    return parser.parse()
  File "C:\Users\liqui\PycharmProjects\django-trip\venv\lib\site-packages\django\template\base.py", line 513, in parse
    raise self.error(token, e)
  File "C:\Users\liqui\PycharmProjects\django-trip\venv\lib\site-packages\django\template\base.py", line 511, in parse
    compiled_result = compile_func(self, token)
  File "C:\Users\liqui\PycharmProjects\django-trip\venv\lib\site-packages\django\template\loader_tags.py", line 293, in do_extends
    nodelist = parser.parse()
  File "C:\Users\liqui\PycharmProjects\django-trip\venv\lib\site-packages\django\template\base.py", line 513, in parse
    raise self.error(token, e)
  File "C:\Users\liqui\PycharmProjects\django-trip\venv\lib\site-packages\django\template\base.py", line 511, in parse
    compiled_result = compile_func(self, token)
  File "C:\Users\liqui\PycharmProjects\django-trip\venv\lib\site-packages\django\template\loader_tags.py", line 232, in do_block
    nodelist = parser.parse(("endblock",))
  File "C:\Users\liqui\PycharmProjects\django-trip\venv\lib\site-packages\django\template\base.py", line 513, in parse
    raise self.error(token, e)
  File "C:\Users\liqui\PycharmProjects\django-trip\venv\lib\site-packages\django\template\base.py", line 511, in parse
    compiled_result = compile_func(self, token)
  File "C:\Users\liqui\PycharmProjects\django-trip\venv\lib\site-packages\django\template\defaulttags.py", line 853, in do_for
    nodelist_loop = parser.parse(
  File "C:\Users\liqui\PycharmProjects\django-trip\venv\lib\site-packages\django\template\base.py", line 513, in parse
    raise self.error(token, e)
  File "C:\Users\liqui\PycharmProjects\django-trip\venv\lib\site-packages\django\template\base.py", line 511, in parse
    compiled_result = compile_func(self, token)
  File "C:\Users\liqui\PycharmProjects\django-trip\venv\lib\site-packages\django\template\defaulttags.py", line 967, in do_if
    nodelist = parser.parse(("endif",))
  File "C:\Users\liqui\PycharmProjects\django-trip\venv\lib\site-packages\django\template\base.py", line 507, in parse
    self.invalid_block_tag(token, command, parse_until)
  File "C:\Users\liqui\PycharmProjects\django-trip\venv\lib\site-packages\django\template\base.py", line 558, in invalid_block_tag
    raise self.error(
django.template.exceptions.TemplateSyntaxError: Invalid block tag on line 36: 'staticfile', expected 'endif'. Did you forget to register or load this tag?
"GET / HTTP/1.1" 500 5530
